2015-04-30 18:41:47,316 - [INFO] - from play in pool-87-thread-1 
Listening for HTTP on /0:0:0:0:0:0:0:0:9000

2015-04-30 18:41:54,955 - [INFO] - from play in play-internal-execution-context-1 
Application started (Dev)

2015-04-30 18:42:06,494 - [ERROR] - from play in play-akka.actor.default-dispatcher-2 
Cannot invoke the action, eventually got an error: java.lang.NumberFormatException: For input string: "n/a"

2015-04-30 18:42:06,505 - [ERROR] - from application in play-akka.actor.default-dispatcher-2 


! @6m2dloap3 - Internal server error, for (GET) [/tickers] ->

play.api.Application$$anon$1: Execution exception[[NumberFormatException: For input string: "n/a"]]
	at play.api.Application$class.handleError(Application.scala:296) ~[play_2.11-2.3.8.jar:2.3.8]
	at play.api.DefaultApplication.handleError(Application.scala:402) [play_2.11-2.3.8.jar:2.3.8]
	at play.core.server.netty.PlayDefaultUpstreamHandler$$anonfun$3$$anonfun$applyOrElse$4.apply(PlayDefaultUpstreamHandler.scala:320) [play_2.11-2.3.8.jar:2.3.8]
	at play.core.server.netty.PlayDefaultUpstreamHandler$$anonfun$3$$anonfun$applyOrElse$4.apply(PlayDefaultUpstreamHandler.scala:320) [play_2.11-2.3.8.jar:2.3.8]
	at scala.Option.map(Option.scala:145) [scala-library-2.11.1.jar:na]
	at play.core.server.netty.PlayDefaultUpstreamHandler$$anonfun$3.applyOrElse(PlayDefaultUpstreamHandler.scala:320) [play_2.11-2.3.8.jar:2.3.8]
	at play.core.server.netty.PlayDefaultUpstreamHandler$$anonfun$3.applyOrElse(PlayDefaultUpstreamHandler.scala:316) [play_2.11-2.3.8.jar:2.3.8]
	at scala.concurrent.Future$$anonfun$recoverWith$1.apply(Future.scala:344) [scala-library-2.11.1.jar:na]
	at scala.concurrent.Future$$anonfun$recoverWith$1.apply(Future.scala:343) [scala-library-2.11.1.jar:na]
	at scala.concurrent.impl.CallbackRunnable.run(Promise.scala:32) [scala-library-2.11.1.jar:na]
	at play.api.libs.iteratee.Execution$trampoline$.execute(Execution.scala:46) [play-iteratees_2.11-2.3.8.jar:2.3.8]
	at scala.concurrent.impl.CallbackRunnable.executeWithValue(Promise.scala:40) [scala-library-2.11.1.jar:na]
	at scala.concurrent.impl.Promise$DefaultPromise.tryComplete(Promise.scala:248) [scala-library-2.11.1.jar:na]
	at scala.concurrent.Promise$class.complete(Promise.scala:55) [scala-library-2.11.1.jar:na]
	at scala.concurrent.impl.Promise$DefaultPromise.complete(Promise.scala:153) [scala-library-2.11.1.jar:na]
	at scala.concurrent.Future$$anonfun$map$1.apply(Future.scala:235) [scala-library-2.11.1.jar:na]
	at scala.concurrent.Future$$anonfun$map$1.apply(Future.scala:235) [scala-library-2.11.1.jar:na]
	at scala.concurrent.impl.CallbackRunnable.run(Promise.scala:32) [scala-library-2.11.1.jar:na]
	at play.core.j.HttpExecutionContext$$anon$2.run(HttpExecutionContext.scala:40) [play_2.11-2.3.8.jar:2.3.8]
	at akka.dispatch.TaskInvocation.run(AbstractDispatcher.scala:41) [akka-actor_2.11-2.3.4.jar:na]
	at akka.dispatch.ForkJoinExecutorConfigurator$AkkaForkJoinTask.exec(AbstractDispatcher.scala:393) [akka-actor_2.11-2.3.4.jar:na]
	at scala.concurrent.forkjoin.ForkJoinTask.doExec(ForkJoinTask.java:260) [scala-library-2.11.1.jar:na]
	at scala.concurrent.forkjoin.ForkJoinPool$WorkQueue.runTask(ForkJoinPool.java:1339) [scala-library-2.11.1.jar:na]
	at scala.concurrent.forkjoin.ForkJoinPool.runWorker(ForkJoinPool.java:1979) [scala-library-2.11.1.jar:na]
	at scala.concurrent.forkjoin.ForkJoinWorkerThread.run(ForkJoinWorkerThread.java:107) [scala-library-2.11.1.jar:na]
Caused by: java.lang.NumberFormatException: For input string: "n/a"
	at java.lang.NumberFormatException.forInputString(NumberFormatException.java:65) ~[na:1.8.0_40]
	at java.lang.Integer.parseInt(Integer.java:580) ~[na:1.8.0_40]
	at java.lang.Integer.<init>(Integer.java:867) ~[na:1.8.0_40]
	at controllers.services.TickerServiceImpl$1.apply(TickerServiceImpl.java:45) ~[classes/:na]
	at controllers.services.TickerServiceImpl$1.apply(TickerServiceImpl.java:24) ~[classes/:na]
	at play.core.j.FPromiseHelper$$anonfun$map$1.apply(FPromiseHelper.scala:98) ~[play_2.11-2.3.8.jar:2.3.8]
	at scala.util.Success$$anonfun$map$1.apply(Try.scala:236) ~[scala-library-2.11.1.jar:na]
	at scala.util.Try$.apply(Try.scala:191) ~[scala-library-2.11.1.jar:na]
	at scala.util.Success.map(Try.scala:236) ~[scala-library-2.11.1.jar:na]
	... 10 common frames omitted

2015-04-30 18:42:58,059 - [INFO] - from play in play-internal-execution-context-1 
Application started (Dev)

2015-04-30 18:42:59,318 - [ERROR] - from play in play-akka.actor.default-dispatcher-10 
Cannot invoke the action, eventually got an error: java.lang.NumberFormatException: For input string: "n/a"

2015-04-30 18:42:59,319 - [ERROR] - from application in play-akka.actor.default-dispatcher-10 


! @6m2dm1b2g - Internal server error, for (GET) [/tickers] ->

play.api.Application$$anon$1: Execution exception[[NumberFormatException: For input string: "n/a"]]
	at play.api.Application$class.handleError(Application.scala:296) ~[play_2.11-2.3.8.jar:2.3.8]
	at play.api.DefaultApplication.handleError(Application.scala:402) [play_2.11-2.3.8.jar:2.3.8]
	at play.core.server.netty.PlayDefaultUpstreamHandler$$anonfun$3$$anonfun$applyOrElse$4.apply(PlayDefaultUpstreamHandler.scala:320) [play_2.11-2.3.8.jar:2.3.8]
	at play.core.server.netty.PlayDefaultUpstreamHandler$$anonfun$3$$anonfun$applyOrElse$4.apply(PlayDefaultUpstreamHandler.scala:320) [play_2.11-2.3.8.jar:2.3.8]
	at scala.Option.map(Option.scala:145) [scala-library-2.11.1.jar:na]
	at play.core.server.netty.PlayDefaultUpstreamHandler$$anonfun$3.applyOrElse(PlayDefaultUpstreamHandler.scala:320) [play_2.11-2.3.8.jar:2.3.8]
	at play.core.server.netty.PlayDefaultUpstreamHandler$$anonfun$3.applyOrElse(PlayDefaultUpstreamHandler.scala:316) [play_2.11-2.3.8.jar:2.3.8]
	at scala.concurrent.Future$$anonfun$recoverWith$1.apply(Future.scala:344) [scala-library-2.11.1.jar:na]
	at scala.concurrent.Future$$anonfun$recoverWith$1.apply(Future.scala:343) [scala-library-2.11.1.jar:na]
	at scala.concurrent.impl.CallbackRunnable.run(Promise.scala:32) [scala-library-2.11.1.jar:na]
	at play.api.libs.iteratee.Execution$trampoline$.execute(Execution.scala:46) [play-iteratees_2.11-2.3.8.jar:2.3.8]
	at scala.concurrent.impl.CallbackRunnable.executeWithValue(Promise.scala:40) [scala-library-2.11.1.jar:na]
	at scala.concurrent.impl.Promise$DefaultPromise.tryComplete(Promise.scala:248) [scala-library-2.11.1.jar:na]
	at scala.concurrent.Promise$class.complete(Promise.scala:55) [scala-library-2.11.1.jar:na]
	at scala.concurrent.impl.Promise$DefaultPromise.complete(Promise.scala:153) [scala-library-2.11.1.jar:na]
	at scala.concurrent.Future$$anonfun$map$1.apply(Future.scala:235) [scala-library-2.11.1.jar:na]
	at scala.concurrent.Future$$anonfun$map$1.apply(Future.scala:235) [scala-library-2.11.1.jar:na]
	at scala.concurrent.impl.CallbackRunnable.run(Promise.scala:32) [scala-library-2.11.1.jar:na]
	at play.core.j.HttpExecutionContext$$anon$2.run(HttpExecutionContext.scala:40) [play_2.11-2.3.8.jar:2.3.8]
	at akka.dispatch.TaskInvocation.run(AbstractDispatcher.scala:41) [akka-actor_2.11-2.3.4.jar:na]
	at akka.dispatch.ForkJoinExecutorConfigurator$AkkaForkJoinTask.exec(AbstractDispatcher.scala:393) [akka-actor_2.11-2.3.4.jar:na]
	at scala.concurrent.forkjoin.ForkJoinTask.doExec(ForkJoinTask.java:260) [scala-library-2.11.1.jar:na]
	at scala.concurrent.forkjoin.ForkJoinPool$WorkQueue.runTask(ForkJoinPool.java:1339) [scala-library-2.11.1.jar:na]
	at scala.concurrent.forkjoin.ForkJoinPool.runWorker(ForkJoinPool.java:1979) [scala-library-2.11.1.jar:na]
	at scala.concurrent.forkjoin.ForkJoinWorkerThread.run(ForkJoinWorkerThread.java:107) [scala-library-2.11.1.jar:na]
Caused by: java.lang.NumberFormatException: For input string: "n/a"
	at java.lang.NumberFormatException.forInputString(NumberFormatException.java:65) ~[na:1.8.0_40]
	at java.lang.Integer.parseInt(Integer.java:580) ~[na:1.8.0_40]
	at java.lang.Integer.<init>(Integer.java:867) ~[na:1.8.0_40]
	at controllers.services.TickerServiceImpl$1.apply(TickerServiceImpl.java:45) ~[classes/:na]
	at controllers.services.TickerServiceImpl$1.apply(TickerServiceImpl.java:24) ~[classes/:na]
	at play.core.j.FPromiseHelper$$anonfun$map$1.apply(FPromiseHelper.scala:98) ~[play_2.11-2.3.8.jar:2.3.8]
	at scala.util.Success$$anonfun$map$1.apply(Try.scala:236) ~[scala-library-2.11.1.jar:na]
	at scala.util.Try$.apply(Try.scala:191) ~[scala-library-2.11.1.jar:na]
	at scala.util.Success.map(Try.scala:236) ~[scala-library-2.11.1.jar:na]
	... 10 common frames omitted

2015-04-30 18:45:20,585 - [INFO] - from play in play-internal-execution-context-1 
Application started (Dev)

2015-04-30 18:45:21,995 - [ERROR] - from play in play-akka.actor.default-dispatcher-11 
Cannot invoke the action, eventually got an error: java.lang.NumberFormatException: empty String

2015-04-30 18:45:21,997 - [ERROR] - from application in play-akka.actor.default-dispatcher-11 


! @6m2dm9e45 - Internal server error, for (GET) [/tickers] ->

play.api.Application$$anon$1: Execution exception[[NumberFormatException: empty String]]
	at play.api.Application$class.handleError(Application.scala:296) ~[play_2.11-2.3.8.jar:2.3.8]
	at play.api.DefaultApplication.handleError(Application.scala:402) [play_2.11-2.3.8.jar:2.3.8]
	at play.core.server.netty.PlayDefaultUpstreamHandler$$anonfun$3$$anonfun$applyOrElse$4.apply(PlayDefaultUpstreamHandler.scala:320) [play_2.11-2.3.8.jar:2.3.8]
	at play.core.server.netty.PlayDefaultUpstreamHandler$$anonfun$3$$anonfun$applyOrElse$4.apply(PlayDefaultUpstreamHandler.scala:320) [play_2.11-2.3.8.jar:2.3.8]
	at scala.Option.map(Option.scala:145) [scala-library-2.11.1.jar:na]
	at play.core.server.netty.PlayDefaultUpstreamHandler$$anonfun$3.applyOrElse(PlayDefaultUpstreamHandler.scala:320) [play_2.11-2.3.8.jar:2.3.8]
	at play.core.server.netty.PlayDefaultUpstreamHandler$$anonfun$3.applyOrElse(PlayDefaultUpstreamHandler.scala:316) [play_2.11-2.3.8.jar:2.3.8]
	at scala.concurrent.Future$$anonfun$recoverWith$1.apply(Future.scala:344) [scala-library-2.11.1.jar:na]
	at scala.concurrent.Future$$anonfun$recoverWith$1.apply(Future.scala:343) [scala-library-2.11.1.jar:na]
	at scala.concurrent.impl.CallbackRunnable.run(Promise.scala:32) [scala-library-2.11.1.jar:na]
	at play.api.libs.iteratee.Execution$trampoline$.execute(Execution.scala:46) [play-iteratees_2.11-2.3.8.jar:2.3.8]
	at scala.concurrent.impl.CallbackRunnable.executeWithValue(Promise.scala:40) [scala-library-2.11.1.jar:na]
	at scala.concurrent.impl.Promise$DefaultPromise.tryComplete(Promise.scala:248) [scala-library-2.11.1.jar:na]
	at scala.concurrent.Promise$class.complete(Promise.scala:55) [scala-library-2.11.1.jar:na]
	at scala.concurrent.impl.Promise$DefaultPromise.complete(Promise.scala:153) [scala-library-2.11.1.jar:na]
	at scala.concurrent.Future$$anonfun$map$1.apply(Future.scala:235) [scala-library-2.11.1.jar:na]
	at scala.concurrent.Future$$anonfun$map$1.apply(Future.scala:235) [scala-library-2.11.1.jar:na]
	at scala.concurrent.impl.CallbackRunnable.run(Promise.scala:32) [scala-library-2.11.1.jar:na]
	at play.core.j.HttpExecutionContext$$anon$2.run(HttpExecutionContext.scala:40) [play_2.11-2.3.8.jar:2.3.8]
	at akka.dispatch.TaskInvocation.run(AbstractDispatcher.scala:41) [akka-actor_2.11-2.3.4.jar:na]
	at akka.dispatch.ForkJoinExecutorConfigurator$AkkaForkJoinTask.exec(AbstractDispatcher.scala:393) [akka-actor_2.11-2.3.4.jar:na]
	at scala.concurrent.forkjoin.ForkJoinTask.doExec(ForkJoinTask.java:260) [scala-library-2.11.1.jar:na]
	at scala.concurrent.forkjoin.ForkJoinPool$WorkQueue.runTask(ForkJoinPool.java:1339) [scala-library-2.11.1.jar:na]
	at scala.concurrent.forkjoin.ForkJoinPool.runWorker(ForkJoinPool.java:1979) [scala-library-2.11.1.jar:na]
	at scala.concurrent.forkjoin.ForkJoinWorkerThread.run(ForkJoinWorkerThread.java:107) [scala-library-2.11.1.jar:na]
Caused by: java.lang.NumberFormatException: empty String
	at sun.misc.FloatingDecimal.readJavaFormatString(FloatingDecimal.java:1842) ~[na:1.8.0_40]
	at sun.misc.FloatingDecimal.parseDouble(FloatingDecimal.java:110) ~[na:1.8.0_40]
	at java.lang.Double.parseDouble(Double.java:538) ~[na:1.8.0_40]
	at java.lang.Double.<init>(Double.java:608) ~[na:1.8.0_40]
	at controllers.libs.Utils.parseMarketCapTypeFromNasdaq(Utils.java:16) ~[classes/:na]
	at controllers.services.TickerServiceImpl$1.apply(TickerServiceImpl.java:44) ~[classes/:na]
	at controllers.services.TickerServiceImpl$1.apply(TickerServiceImpl.java:24) ~[classes/:na]
	at play.core.j.FPromiseHelper$$anonfun$map$1.apply(FPromiseHelper.scala:98) ~[play_2.11-2.3.8.jar:2.3.8]
	at scala.util.Success$$anonfun$map$1.apply(Try.scala:236) ~[scala-library-2.11.1.jar:na]
	at scala.util.Try$.apply(Try.scala:191) ~[scala-library-2.11.1.jar:na]
	at scala.util.Success.map(Try.scala:236) ~[scala-library-2.11.1.jar:na]
	... 10 common frames omitted

2015-04-30 18:46:57,609 - [INFO] - from play in play-internal-execution-context-1 
Application started (Dev)

2015-04-30 18:49:34,034 - [INFO] - from play in play-internal-execution-context-1 
Application started (Dev)

